<?xml version="1.0" encoding="UTF-8"?>
<testsuite name="com.microservice.mensageria.MensageriaApplicationTests" tests="1" skipped="0" failures="0" errors="0" timestamp="2021-12-12T15:39:27" hostname="thamires-PC" time="0.128">
  <properties/>
  <testcase name="contextLoads()" classname="com.microservice.mensageria.MensageriaApplicationTests" time="0.128"/>
  <system-out><![CDATA[12:39:11.627 [Test worker] DEBUG org.springframework.test.context.BootstrapUtils - Instantiating CacheAwareContextLoaderDelegate from class [org.springframework.test.context.cache.DefaultCacheAwareContextLoaderDelegate]
12:39:11.658 [Test worker] DEBUG org.springframework.test.context.BootstrapUtils - Instantiating BootstrapContext using constructor [public org.springframework.test.context.support.DefaultBootstrapContext(java.lang.Class,org.springframework.test.context.CacheAwareContextLoaderDelegate)]
12:39:11.738 [Test worker] DEBUG org.springframework.test.context.BootstrapUtils - Instantiating TestContextBootstrapper for test class [com.microservice.mensageria.MensageriaApplicationTests] from class [org.springframework.boot.test.context.SpringBootTestContextBootstrapper]
12:39:11.759 [Test worker] INFO org.springframework.boot.test.context.SpringBootTestContextBootstrapper - Neither @ContextConfiguration nor @ContextHierarchy found for test class [com.microservice.mensageria.MensageriaApplicationTests], using SpringBootContextLoader
12:39:11.769 [Test worker] DEBUG org.springframework.test.context.support.AbstractContextLoader - Did not detect default resource location for test class [com.microservice.mensageria.MensageriaApplicationTests]: class path resource [com/microservice/mensageria/MensageriaApplicationTests-context.xml] does not exist
12:39:11.770 [Test worker] DEBUG org.springframework.test.context.support.AbstractContextLoader - Did not detect default resource location for test class [com.microservice.mensageria.MensageriaApplicationTests]: class path resource [com/microservice/mensageria/MensageriaApplicationTestsContext.groovy] does not exist
12:39:11.770 [Test worker] INFO org.springframework.test.context.support.AbstractContextLoader - Could not detect default resource locations for test class [com.microservice.mensageria.MensageriaApplicationTests]: no resource found for suffixes {-context.xml, Context.groovy}.
12:39:11.772 [Test worker] INFO org.springframework.test.context.support.AnnotationConfigContextLoaderUtils - Could not detect default configuration classes for test class [com.microservice.mensageria.MensageriaApplicationTests]: MensageriaApplicationTests does not declare any static, non-private, non-final, nested classes annotated with @Configuration.
12:39:11.853 [Test worker] DEBUG org.springframework.test.context.support.ActiveProfilesUtils - Could not find an 'annotation declaring class' for annotation type [org.springframework.test.context.ActiveProfiles] and class [com.microservice.mensageria.MensageriaApplicationTests]
12:39:11.974 [Test worker] DEBUG org.springframework.context.annotation.ClassPathScanningCandidateComponentProvider - Identified candidate component class: file [/home/thamires/Documentos/mensageria/build/classes/java/main/com/microservice/mensageria/MensageriaApplication.class]
12:39:11.975 [Test worker] INFO org.springframework.boot.test.context.SpringBootTestContextBootstrapper - Found @SpringBootConfiguration com.microservice.mensageria.MensageriaApplication for test class com.microservice.mensageria.MensageriaApplicationTests
12:39:12.232 [Test worker] DEBUG org.springframework.boot.test.context.SpringBootTestContextBootstrapper - @TestExecutionListeners is not present for class [com.microservice.mensageria.MensageriaApplicationTests]: using defaults.
12:39:12.233 [Test worker] INFO org.springframework.boot.test.context.SpringBootTestContextBootstrapper - Loaded default TestExecutionListener class names from location [META-INF/spring.factories]: [org.springframework.boot.test.autoconfigure.restdocs.RestDocsTestExecutionListener, org.springframework.boot.test.autoconfigure.web.client.MockRestServiceServerResetTestExecutionListener, org.springframework.boot.test.autoconfigure.web.servlet.MockMvcPrintOnlyOnFailureTestExecutionListener, org.springframework.boot.test.autoconfigure.web.servlet.WebDriverTestExecutionListener, org.springframework.boot.test.autoconfigure.webservices.client.MockWebServiceServerTestExecutionListener, org.springframework.boot.test.mock.mockito.MockitoTestExecutionListener, org.springframework.boot.test.mock.mockito.ResetMocksTestExecutionListener, org.springframework.test.context.web.ServletTestExecutionListener, org.springframework.test.context.support.DirtiesContextBeforeModesTestExecutionListener, org.springframework.test.context.event.ApplicationEventsTestExecutionListener, org.springframework.test.context.support.DependencyInjectionTestExecutionListener, org.springframework.test.context.support.DirtiesContextTestExecutionListener, org.springframework.test.context.transaction.TransactionalTestExecutionListener, org.springframework.test.context.jdbc.SqlScriptsTestExecutionListener, org.springframework.test.context.event.EventPublishingTestExecutionListener]
12:39:12.267 [Test worker] INFO org.springframework.boot.test.context.SpringBootTestContextBootstrapper - Using TestExecutionListeners: [org.springframework.test.context.web.ServletTestExecutionListener@2ffcdc9b, org.springframework.test.context.support.DirtiesContextBeforeModesTestExecutionListener@47994b51, org.springframework.test.context.event.ApplicationEventsTestExecutionListener@19f99aaf, org.springframework.boot.test.mock.mockito.MockitoTestExecutionListener@5020e5ab, org.springframework.boot.test.autoconfigure.SpringBootDependencyInjectionTestExecutionListener@19f1f330, org.springframework.test.context.support.DirtiesContextTestExecutionListener@143fe09c, org.springframework.test.context.transaction.TransactionalTestExecutionListener@41463c56, org.springframework.test.context.jdbc.SqlScriptsTestExecutionListener@161c9468, org.springframework.test.context.event.EventPublishingTestExecutionListener@629de8, org.springframework.boot.test.autoconfigure.restdocs.RestDocsTestExecutionListener@6b32b678, org.springframework.boot.test.autoconfigure.web.client.MockRestServiceServerResetTestExecutionListener@1b6683c4, org.springframework.boot.test.autoconfigure.web.servlet.MockMvcPrintOnlyOnFailureTestExecutionListener@69abeb14, org.springframework.boot.test.autoconfigure.web.servlet.WebDriverTestExecutionListener@7db2b614, org.springframework.boot.test.autoconfigure.webservices.client.MockWebServiceServerTestExecutionListener@34d5eac, org.springframework.boot.test.mock.mockito.ResetMocksTestExecutionListener@2c1a95a2]
12:39:12.272 [Test worker] DEBUG org.springframework.test.context.support.AbstractDirtiesContextTestExecutionListener - Before test class: context [DefaultTestContext@6baee63b testClass = MensageriaApplicationTests, testInstance = [null], testMethod = [null], testException = [null], mergedContextConfiguration = [WebMergedContextConfiguration@1002b06d testClass = MensageriaApplicationTests, locations = '{}', classes = '{class com.microservice.mensageria.MensageriaApplication}', contextInitializerClasses = '[]', activeProfiles = '{}', propertySourceLocations = '{}', propertySourceProperties = '{org.springframework.boot.test.context.SpringBootTestContextBootstrapper=true}', contextCustomizers = set[org.springframework.boot.test.autoconfigure.actuate.metrics.MetricsExportContextCustomizerFactory$DisableMetricExportContextCustomizer@91a2543, org.springframework.boot.test.autoconfigure.properties.PropertyMappingContextCustomizer@0, org.springframework.boot.test.autoconfigure.web.servlet.WebDriverContextCustomizerFactory$Customizer@5e98032e, org.springframework.boot.test.context.filter.ExcludeFilterContextCustomizer@14a1769d, org.springframework.boot.test.json.DuplicateJsonObjectContextCustomizerFactory$DuplicateJsonObjectContextCustomizer@63de4fa, org.springframework.boot.test.mock.mockito.MockitoContextCustomizer@0, org.springframework.boot.test.web.client.TestRestTemplateContextCustomizer@6c96403e, org.springframework.boot.test.context.SpringBootTestArgs@1, org.springframework.boot.test.context.SpringBootTestWebEnvironment@25cd49a4], resourceBasePath = 'src/main/webapp', contextLoader = 'org.springframework.boot.test.context.SpringBootContextLoader', parent = [null]], attributes = map['org.springframework.test.context.web.ServletTestExecutionListener.activateListener' -> true]], class annotated with @DirtiesContext [false] with mode [null].
12:39:12.369 [Test worker] DEBUG org.springframework.boot.ApplicationServletEnvironment - Activating profiles []
12:39:12.370 [Test worker] DEBUG org.springframework.test.context.support.TestPropertySourceUtils - Adding inlined properties to environment: {spring.jmx.enabled=false, org.springframework.boot.test.context.SpringBootTestContextBootstrapper=true}

  .   ____          _            __ _ _
 /\\ / ___'_ __ _ _(_)_ __  __ _ \ \ \ \
( ( )\___ | '_ | '_| | '_ \/ _` | \ \ \ \
 \\/  ___)| |_)| | | | | || (_| |  ) ) ) )
  '  |____| .__|_| |_|_| |_\__, | / / / /
 =========|_|==============|___/=/_/_/_/
 :: Spring Boot ::                (v2.6.1)

2021-12-12 12:39:12.781  INFO 29614 --- [    Test worker] c.m.m.MensageriaApplicationTests         : Starting MensageriaApplicationTests using Java 11.0.11 on thamires-PC with PID 29614 (started by thamires in /home/thamires/Documentos/mensageria)
2021-12-12 12:39:12.783  INFO 29614 --- [    Test worker] c.m.m.MensageriaApplicationTests         : No active profile set, falling back to default profiles: default
2021-12-12 12:39:15.128  INFO 29614 --- [    Test worker] .s.d.r.c.RepositoryConfigurationDelegate : Bootstrapping Spring Data JPA repositories in DEFAULT mode.
2021-12-12 12:39:15.249  INFO 29614 --- [    Test worker] .s.d.r.c.RepositoryConfigurationDelegate : Finished Spring Data repository scanning in 97 ms. Found 1 JPA repository interfaces.
2021-12-12 12:39:16.259  INFO 29614 --- [    Test worker] com.zaxxer.hikari.HikariDataSource       : HikariPool-1 - Starting...
2021-12-12 12:39:16.579  INFO 29614 --- [    Test worker] com.zaxxer.hikari.HikariDataSource       : HikariPool-1 - Start completed.
2021-12-12 12:39:16.955  INFO 29614 --- [    Test worker] liquibase.lockservice                    : Successfully acquired change log lock
2021-12-12 12:39:17.296  INFO 29614 --- [    Test worker] liquibase.changelog                      : Reading from public.databasechangelog
2021-12-12 12:39:17.425  INFO 29614 --- [    Test worker] liquibase.lockservice                    : Successfully released change log lock
2021-12-12 12:39:17.684  INFO 29614 --- [    Test worker] o.hibernate.jpa.internal.util.LogHelper  : HHH000204: Processing PersistenceUnitInfo [name: default]
2021-12-12 12:39:17.862  INFO 29614 --- [    Test worker] org.hibernate.Version                    : HHH000412: Hibernate ORM core version 5.6.1.Final
2021-12-12 12:39:18.311  INFO 29614 --- [    Test worker] o.hibernate.annotations.common.Version   : HCANN000001: Hibernate Commons Annotations {5.1.2.Final}
2021-12-12 12:39:18.755  INFO 29614 --- [    Test worker] org.hibernate.dialect.Dialect            : HHH000400: Using dialect: org.hibernate.dialect.PostgreSQL10Dialect
2021-12-12 12:39:18.853  INFO 29614 --- [    Test worker] o.h.e.boot.internal.EnversServiceImpl    : Envers integration enabled? : true
2021-12-12 12:39:20.084  INFO 29614 --- [    Test worker] o.h.e.t.j.p.i.JtaPlatformInitiator       : HHH000490: Using JtaPlatform implementation: [org.hibernate.engine.transaction.jta.platform.internal.NoJtaPlatform]
2021-12-12 12:39:20.101  INFO 29614 --- [    Test worker] j.LocalContainerEntityManagerFactoryBean : Initialized JPA EntityManagerFactory for persistence unit 'default'
2021-12-12 12:39:20.876  WARN 29614 --- [    Test worker] JpaBaseConfiguration$JpaWebConfiguration : spring.jpa.open-in-view is enabled by default. Therefore, database queries may be performed during view rendering. Explicitly configure spring.jpa.open-in-view to disable this warning
2021-12-12 12:39:21.958  INFO 29614 --- [    Test worker] o.s.a.r.c.CachingConnectionFactory       : Attempting to connect to: [rat.rmq2.cloudamqp.com:5671]
2021-12-12 12:39:24.733  INFO 29614 --- [    Test worker] o.s.a.r.c.CachingConnectionFactory       : Created new connection: rabbitConnectionFactory#2a0e6c03:0/SimpleConnection@21ac3d1e [delegate=amqp://fhhxhxnb@35.180.74.60:5671/fhhxhxnb, localPort= 42878]
2021-12-12 12:39:26.990  INFO 29614 --- [    Test worker] c.m.m.MensageriaApplicationTests         : Started MensageriaApplicationTests in 14.615 seconds (JVM running for 17.56)
]]></system-out>
  <system-err><![CDATA[]]></system-err>
</testsuite>
